2025-05-04 02:01:52,472 - INFO - Starting ML model training process
2025-05-04 02:01:52,473 - INFO - Generating synthetic training data...
2025-05-04 02:01:52,619 - INFO - Training file classifier...
2025-05-04 02:01:53,155 - INFO - File Classifier Classification Report:
2025-05-04 02:01:53,155 - INFO - Accuracy: 1.00
2025-05-04 02:01:53,155 - INFO - Precision: 1.00
2025-05-04 02:01:53,156 - INFO - Recall: 1.00
2025-05-04 02:01:53,156 - INFO - F1-Score: 1.00
2025-05-04 02:01:53,156 - INFO - Generating synthetic behavior data...
2025-05-04 02:01:53,397 - INFO - Training behavior classifier...
2025-05-04 02:01:53,690 - INFO - Behavior Classifier Classification Report:
2025-05-04 02:01:53,690 - INFO - Accuracy: 1.00
2025-05-04 02:01:53,690 - INFO - Precision: 1.00
2025-05-04 02:01:53,690 - INFO - Recall: 1.00
2025-05-04 02:01:53,690 - INFO - F1-Score: 1.00
2025-05-04 02:01:53,704 - INFO - Saved model to /home/kali/ml_models/file_classifier.pkl
2025-05-04 02:01:53,706 - INFO - Saved model to /home/kali/ml_models/behavior_model.pkl
2025-05-04 02:01:53,706 - INFO - Saved model to /home/kali/ml_models/vectorizer.pkl
2025-05-04 02:01:53,707 - INFO - Saved metadata to /home/kali/ml_models/metadata.json
2025-05-04 02:01:53,708 - INFO - Model training completed successfully
